<?xml version="1.0" encoding="UTF-8"?>
<!-- Generated by org.testng.reporters.JUnitXMLReporter -->
<testsuite ignored="2" hostname="USBLRRAGHVR1" failures="0" tests="0" time="0.009" errors="0" timestamp="2023-03-12T19:30:03 IST">
  <testcase classname="rahulshettyacademy.SeleniumFrameworkDesign.SubmitOrderTest" name="orderHistoryTest" time="0.0">
    <ignored/>
  </testcase> <!-- orderHistoryTest -->
  <testcase classname="rahulshettyacademy.SeleniumFrameworkDesign.SubmitOrderTest" name="e2eTest" time="0.0">
    <ignored/>
  </testcase> <!-- e2eTest -->
</testsuite>
