<?xml version="1.0" encoding="UTF-8"?>
<!-- Generated by org.testng.reporters.JUnitXMLReporter -->
<testsuite ignored="2" hostname="USBLRRAGHVR1" failures="0" tests="0" time="0.0" errors="0" timestamp="2023-03-12T19:31:37 IST">
  <testcase classname="AutoSortAndPageinationConcepts.AutoSortAndPageniation" name="filterFunctionalityTest" time="0.0">
    <ignored/>
  </testcase> <!-- filterFunctionalityTest -->
  <testcase classname="AutoSortAndPageinationConcepts.AutoSortAndPageniation" name="autoSortAndPaginationDemo" time="0.0">
    <ignored/>
  </testcase> <!-- autoSortAndPaginationDemo -->
</testsuite>
